<?xml version="1.0" encoding="UTF-8"?>
<!-- Generated by org.testng.reporters.JUnitReportReporter -->
<testsuite hostname="DESKTOP-G0RIQUQ" failures="0" tests="1" name="Charts.E_Boarding_Reports.Validate_titlebar" time="5.568" errors="0" timestamp="2023-01-24T16:31:33 IST" skipped="0">
  <testcase classname="Charts.E_Boarding_Reports.Validate_titlebar" name="titlebar" time="5.568"/>
  <system-out/>
</testsuite> <!-- Charts.E_Boarding_Reports.Validate_titlebar -->
