<?xml version="1.0" encoding="UTF-8"?>
<!-- Generated by org.testng.reporters.JUnitReportReporter -->
<testsuite hostname="DESKTOP-G0RIQUQ" failures="0" tests="1" name="Charts.E_Boarding_Reports.Sha_Avgdwelltime_validation" time="66.611" errors="0" timestamp="2023-01-11T16:05:56 IST" skipped="0">
  <testcase classname="Charts.E_Boarding_Reports.Sha_Avgdwelltime_validation" name="sha_avg" time="66.611"/>
  <system-out/>
</testsuite> <!-- Charts.E_Boarding_Reports.Sha_Avgdwelltime_validation -->
