<?xml version="1.0" encoding="UTF-8"?>
<!-- Generated by org.testng.reporters.JUnitReportReporter -->
<testsuite hostname="DESKTOP-G0RIQUQ" failures="0" tests="1" name="Charts.E_Boarding_Reports.Login_page_verification" time="0.855" errors="0" timestamp="2023-01-23T14:36:00 IST" skipped="0">
  <testcase classname="Charts.E_Boarding_Reports.Login_page_verification" name="Login_validation" time="0.855"/>
  <system-out/>
</testsuite> <!-- Charts.E_Boarding_Reports.Login_page_verification -->
