<?xml version="1.0" encoding="UTF-8"?>
<!-- Generated by org.testng.reporters.JUnitReportReporter -->
<testsuite hostname="DESKTOP-18T66DG" name="Charts.E_Boarding_Reports.Test_info" tests="1" failures="0" timestamp="31 Jan 2023 11:31:58 GMT" time="0.006" errors="0">
  <testcase name="sample" time="0.006" classname="Charts.E_Boarding_Reports.Test_info"/>
</testsuite> <!-- Charts.E_Boarding_Reports.Test_info -->
