<?xml version="1.0" encoding="UTF-8"?>
<!-- Generated by org.testng.reporters.JUnitReportReporter -->
<testsuite hostname="DESKTOP-18T66DG" name="Charts.E_Boarding_Reports.Login_page_verification" tests="1" failures="0" timestamp="2 Feb 2023 11:51:20 GMT" time="0.222" errors="0">
  <testcase name="Login_validation" time="0.222" classname="Charts.E_Boarding_Reports.Login_page_verification"/>
</testsuite> <!-- Charts.E_Boarding_Reports.Login_page_verification -->
