<?xml version="1.0" encoding="UTF-8"?>
<!-- Generated by org.testng.reporters.JUnitReportReporter -->
<testsuite hostname="DESKTOP-18T66DG" name="Charts.E_Boarding_Reports.Test_info" tests="1" failures="0" timestamp="2 Feb 2023 11:51:20 GMT" time="0.005" errors="0">
  <testcase name="sample" time="0.005" classname="Charts.E_Boarding_Reports.Test_info"/>
</testsuite> <!-- Charts.E_Boarding_Reports.Test_info -->
