<?xml version="1.0" encoding="UTF-8"?>
<!-- Generated by org.testng.reporters.JUnitReportReporter -->
<testsuite hostname="DESKTOP-18T66DG" name="Charts.E_Boarding_Reports.Validate_titlebar" tests="1" failures="0" timestamp="2 Feb 2023 11:51:20 GMT" time="0.008" errors="0">
  <testcase name="titlebar" time="0.008" classname="Charts.E_Boarding_Reports.Validate_titlebar"/>
</testsuite> <!-- Charts.E_Boarding_Reports.Validate_titlebar -->
